<record reset="true">
  <package>com.microstrategy.web.preferences</package>
  <level>SEVERE</level>
  <miliseconds>1467880481254</miliseconds>
  <timestamp>07/07/2016 10:34:41:255</timestamp>
  <thread>0</thread>
  <class>PreferenceDefinitionsMap$DefinitionHandler</class>
  <method>doStartElement</method>
  <message>EXCEPTION</message>
  <parameters>
    <parameter>Only the first source declaration is registered: locale.md</parameter>
  </parameters>
</record>
<record>
  <package>com.microstrategy.web.preferences</package>
  <level>SEVERE</level>
  <miliseconds>1467880481256</miliseconds>
  <timestamp>07/07/2016 10:34:41:270</timestamp>
  <thread>0</thread>
  <class>PreferenceDefinitionsMap$DefinitionHandler</class>
  <method>doStartElement</method>
  <message>EXCEPTION</message>
  <parameters>
    <parameter>Only the first source declaration is registered: locale.whd</parameter>
  </parameters>
</record>
<record>
  <package>com.microstrategy.web.preferences</package>
  <level>SEVERE</level>
  <miliseconds>1467880481271</miliseconds>
  <timestamp>07/07/2016 10:34:41:274</timestamp>
  <thread>0</thread>
  <class>PreferenceDefinitionsMap$DefinitionHandler</class>
  <method>doStartElement</method>
  <message>EXCEPTION</message>
  <parameters>
    <parameter>Only the first source declaration is registered: locale.msgs</parameter>
  </parameters>
</record>
<record>
  <package>com.microstrategy.web.preferences</package>
  <level>SEVERE</level>
  <miliseconds>1467880481274</miliseconds>
  <timestamp>07/07/2016 10:34:41:277</timestamp>
  <thread>0</thread>
  <class>PreferenceDefinitionsMap$DefinitionHandler</class>
  <method>doStartElement</method>
  <message>EXCEPTION</message>
  <parameters>
    <parameter>Only the first source declaration is registered: locale.face</parameter>
  </parameters>
</record>
<record>
  <package>com.microstrategy.web.preferences</package>
  <level>SEVERE</level>
  <miliseconds>1467880481278</miliseconds>
  <timestamp>07/07/2016 10:34:41:280</timestamp>
  <thread>0</thread>
  <class>PreferenceDefinitionsMap$DefinitionHandler</class>
  <method>doStartElement</method>
  <message>EXCEPTION</message>
  <parameters>
    <parameter>Only the first source declaration is registered: locale.num</parameter>
  </parameters>
</record>
<record>
  <package>com.microstrategy.web.preferences</package>
  <level>SEVERE</level>
  <miliseconds>1467880481281</miliseconds>
  <timestamp>07/07/2016 10:34:41:284</timestamp>
  <thread>0</thread>
  <class>PreferenceDefinitionsMap$DefinitionHandler</class>
  <method>doStartElement</method>
  <message>EXCEPTION</message>
  <parameters>
    <parameter>Only the first source declaration is registered: projectAliases</parameter>
  </parameters>
</record>
<record>
  <package>com.microstrategy.web.objects</package>
  <level>SEVERE</level>
  <miliseconds>1467880484183</miliseconds>
  <timestamp>07/07/2016 10:34:44:186</timestamp>
  <thread>0</thread>
  <class>WebObjectSourceImpl</class>
  <method>getObject</method>
  <message>the object id  is not valid</message>
</record>
<record>
  <package>com.microstrategy.web.objects</package>
  <level>SEVERE</level>
  <miliseconds>1467880512401</miliseconds>
  <timestamp>07/07/2016 10:35:12:401</timestamp>
  <thread>1</thread>
  <class>WebObjectSourceImpl</class>
  <method>getObject</method>
  <message>the object id  is not valid</message>
  <userName>ASSISTENZA.ENTRATE</userName>
</record>
<record>
  <package>com.microstrategy.web.objects</package>
  <level>SEVERE</level>
  <miliseconds>1467885308157</miliseconds>
  <timestamp>07/07/2016 11:55:08:157</timestamp>
  <thread>2</thread>
  <class>WebObjectSourceImpl</class>
  <method>getObject</method>
  <message>the object id  is not valid</message>
  <userName>ASSISTENZA.ENTRATE</userName>
</record>
<record>
  <package>com.microstrategy.web.objects</package>
  <level>SEVERE</level>
  <miliseconds>1467885472791</miliseconds>
  <timestamp>07/07/2016 11:57:52:797</timestamp>
  <thread>3</thread>
  <class>WebObjectSourceImpl</class>
  <method>getObject</method>
  <message>the object id  is not valid</message>
  <userName>ASSISTENZA.ENTRATE</userName>
</record>
<record>
  <package>com.microstrategy.web.objects</package>
  <level>SEVERE</level>
  <miliseconds>1467887141707</miliseconds>
  <timestamp>07/07/2016 12:25:41:727</timestamp>
  <thread>4</thread>
  <class>WebObjectSourceImpl</class>
  <method>getObject</method>
  <message>the object id  is not valid</message>
  <userName>Administrator</userName>
</record>
