2018-06-20 11:19:27,852 [Worker-0] INFO  o.e.m.c.i.e.AbstractTransferListenerAdapter - Downloading http://repo.maven.apache.org/maven2/jstl/jstl/1.1.2/jstl-1.1.2.pom
2018-06-20 11:19:27,917 [Worker-0] INFO  o.e.m.c.i.e.AbstractTransferListenerAdapter - Downloaded http://repo.maven.apache.org/maven2/jstl/jstl/1.1.2/jstl-1.1.2.pom
2018-06-20 11:19:27,957 [Worker-0] INFO  o.e.m.c.i.e.AbstractTransferListenerAdapter - Downloading http://repo.maven.apache.org/maven2/javax/servlet/jstl/1.1.2/jstl-1.1.2.pom
2018-06-20 11:19:28,242 [Worker-0] INFO  o.e.m.c.i.e.AbstractTransferListenerAdapter - Downloaded http://repo.maven.apache.org/maven2/javax/servlet/jstl/1.1.2/jstl-1.1.2.pom
2018-06-20 11:19:28,284 [Worker-0] INFO  o.e.m.c.i.e.AbstractTransferListenerAdapter - Downloading http://repo.maven.apache.org/maven2/javax/servlet/servlet-api/3.0-alpha-1/servlet-api-3.0-alpha-1.pom
2018-06-20 11:19:28,434 [Worker-0] INFO  o.e.m.c.i.e.AbstractTransferListenerAdapter - Downloaded http://repo.maven.apache.org/maven2/javax/servlet/servlet-api/3.0-alpha-1/servlet-api-3.0-alpha-1.pom
2018-06-20 11:19:28,474 [Worker-0] INFO  o.e.m.c.i.e.AbstractTransferListenerAdapter - Downloading http://repo.maven.apache.org/maven2/org/glassfish/api/api/1/api-1.pom
2018-06-20 11:19:28,538 [Worker-0] INFO  o.e.m.c.i.e.AbstractTransferListenerAdapter - Downloaded http://repo.maven.apache.org/maven2/org/glassfish/api/api/1/api-1.pom
2018-06-20 11:19:28,574 [Worker-0] INFO  o.e.m.c.i.e.AbstractTransferListenerAdapter - Downloading http://repo.maven.apache.org/maven2/org/glassfish/pom/2/pom-2.pom
2018-06-20 11:19:28,641 [Worker-0] INFO  o.e.m.c.i.e.AbstractTransferListenerAdapter - Downloaded http://repo.maven.apache.org/maven2/org/glassfish/pom/2/pom-2.pom
2018-06-20 11:19:28,655 [Worker-0] WARN  o.e.m.c.i.embedder.EclipseLogger - The artifact jstl:jstl:jar:1.1.2 has been relocated to javax.servlet:jstl:jar:1.1.2
2018-06-20 11:19:28,692 [Worker-0] INFO  o.e.m.c.i.e.AbstractTransferListenerAdapter - Downloading http://repo.maven.apache.org/maven2/javax/servlet/jstl/1.1.2/jstl-1.1.2.jar
2018-06-20 11:19:28,959 [Worker-0] INFO  o.e.m.c.i.e.AbstractTransferListenerAdapter - Downloaded http://repo.maven.apache.org/maven2/javax/servlet/jstl/1.1.2/jstl-1.1.2.jar
2018-06-20 11:19:28,987 [Worker-0] INFO  o.e.m.c.i.e.AbstractTransferListenerAdapter - Downloading http://repo.maven.apache.org/maven2/javax/servlet/servlet-api/3.0-alpha-1/servlet-api-3.0-alpha-1.jar
2018-06-20 11:19:29,429 [Worker-0] INFO  o.e.m.c.i.e.AbstractTransferListenerAdapter - Downloaded http://repo.maven.apache.org/maven2/javax/servlet/servlet-api/3.0-alpha-1/servlet-api-3.0-alpha-1.jar
2018-06-20 11:19:29,576 [Worker-0] WARN  o.e.m.c.i.embedder.EclipseLogger - The artifact jstl:jstl:jar:1.1.2 has been relocated to javax.servlet:jstl:jar:1.1.2
2018-12-12 11:00:32,698 [Worker-6] WARN  o.e.m.c.i.embedder.EclipseLogger - The artifact jstl:jstl:jar:1.1.2 has been relocated to javax.servlet:jstl:jar:1.1.2
2018-12-12 11:00:32,983 [Worker-6] WARN  o.e.m.c.i.embedder.EclipseLogger - The artifact jstl:jstl:jar:1.1.2 has been relocated to javax.servlet:jstl:jar:1.1.2
2019-03-20 15:09:49,464 [Worker-6] WARN  o.e.m.c.i.embedder.EclipseLogger - The artifact jstl:jstl:jar:1.1.2 has been relocated to javax.servlet:jstl:jar:1.1.2
2019-03-20 15:09:49,506 [Worker-6] WARN  o.e.m.c.i.embedder.EclipseLogger - The artifact jstl:jstl:jar:1.1.2 has been relocated to javax.servlet:jstl:jar:1.1.2
2019-03-21 10:06:12,143 [Worker-2] WARN  o.e.m.c.i.embedder.EclipseLogger - The artifact jstl:jstl:jar:1.1.2 has been relocated to javax.servlet:jstl:jar:1.1.2
2019-03-21 10:06:12,202 [Worker-2] WARN  o.e.m.c.i.embedder.EclipseLogger - The artifact jstl:jstl:jar:1.1.2 has been relocated to javax.servlet:jstl:jar:1.1.2
2021-03-08 12:20:28,593 [Worker-0] WARN  o.e.m.c.i.embedder.EclipseLogger - The artifact jstl:jstl:jar:1.1.2 has been relocated to javax.servlet:jstl:jar:1.1.2
2021-03-08 12:20:28,640 [Worker-0] WARN  o.e.m.c.i.embedder.EclipseLogger - The artifact jstl:jstl:jar:1.1.2 has been relocated to javax.servlet:jstl:jar:1.1.2
2021-03-25 08:48:37,549 [Worker-4] WARN  o.e.m.c.i.embedder.EclipseLogger - The artifact jstl:jstl:jar:1.1.2 has been relocated to javax.servlet:jstl:jar:1.1.2
2021-03-25 08:48:37,594 [Worker-4] WARN  o.e.m.c.i.embedder.EclipseLogger - The artifact jstl:jstl:jar:1.1.2 has been relocated to javax.servlet:jstl:jar:1.1.2
2021-10-04 09:51:49,544 [Worker-3] INFO  o.e.m.c.i.e.AbstractTransferListenerAdapter - Downloaded http://repo.maven.apache.org/maven2/jstl/jstl/1.1.2/jstl-1.1.2.pom
2021-10-04 09:51:49,639 [Worker-3] INFO  o.e.m.c.i.e.AbstractTransferListenerAdapter - Downloaded http://repo.maven.apache.org/maven2/javax/servlet/servlet-api/3.0-alpha-1/servlet-api-3.0-alpha-1.pom
2022-03-02 14:32:10,186 [Worker-6] ERROR o.e.m.c.embedder.MavenModelManager - Project read error
org.eclipse.aether.collection.DependencyCollectionException: Failed to collect dependencies at jstl:jstl:jar:1.1.2
	at org.eclipse.aether.internal.impl.DefaultDependencyCollector.collectDependencies(DefaultDependencyCollector.java:292) ~[aether-impl-0.9.0.M2.jar:na]
	at org.eclipse.aether.internal.impl.DefaultRepositorySystem.collectDependencies(DefaultRepositorySystem.java:317) ~[aether-impl-0.9.0.M2.jar:na]
	at org.eclipse.m2e.core.embedder.MavenModelManager.readDependencyTree(MavenModelManager.java:230) [org.eclipse.m2e.core_1.5.1.20150109-1820.jar:na]
	at org.eclipse.m2e.core.embedder.MavenModelManager$1.call(MavenModelManager.java:187) [org.eclipse.m2e.core_1.5.1.20150109-1820.jar:na]
	at org.eclipse.m2e.core.embedder.MavenModelManager$1.call(MavenModelManager.java:1) [org.eclipse.m2e.core_1.5.1.20150109-1820.jar:na]
	at org.eclipse.m2e.core.internal.embedder.MavenExecutionContext.executeBare(MavenExecutionContext.java:166) [org.eclipse.m2e.core_1.5.1.20150109-1820.jar:na]
	at org.eclipse.m2e.core.internal.embedder.MavenExecutionContext.execute(MavenExecutionContext.java:142) [org.eclipse.m2e.core_1.5.1.20150109-1820.jar:na]
	at org.eclipse.m2e.core.internal.embedder.MavenExecutionContext.execute(MavenExecutionContext.java:96) [org.eclipse.m2e.core_1.5.1.20150109-1820.jar:na]
	at org.eclipse.m2e.core.internal.embedder.MavenImpl.execute(MavenImpl.java:1348) [org.eclipse.m2e.core_1.5.1.20150109-1820.jar:na]
	at org.eclipse.m2e.core.embedder.MavenModelManager.readDependencyTree(MavenModelManager.java:191) [org.eclipse.m2e.core_1.5.1.20150109-1820.jar:na]
	at org.eclipse.m2e.editor.pom.MavenPomEditor.readDependencyTree(MavenPomEditor.java:708) [org.eclipse.m2e.editor_1.5.1.20150109-1820.jar:na]
	at org.eclipse.m2e.editor.pom.DependencyTreePage$1.run(DependencyTreePage.java:221) [org.eclipse.m2e.editor_1.5.1.20150109-1820.jar:na]
	at org.eclipse.core.internal.jobs.Worker.run(Worker.java:54) [org.eclipse.core.jobs_3.6.1.v20141014-1248.jar:na]
Caused by: org.eclipse.aether.resolution.ArtifactDescriptorException: Failed to read artifact descriptor for jstl:jstl:jar:1.1.2
	at org.apache.maven.repository.internal.DefaultArtifactDescriptorReader.loadPom(DefaultArtifactDescriptorReader.java:335) ~[maven-aether-provider-3.2.1.jar:3.2.1]
	at org.apache.maven.repository.internal.DefaultArtifactDescriptorReader.readArtifactDescriptor(DefaultArtifactDescriptorReader.java:217) ~[maven-aether-provider-3.2.1.jar:3.2.1]
	at org.eclipse.aether.internal.impl.DefaultDependencyCollector.process(DefaultDependencyCollector.java:461) ~[aether-impl-0.9.0.M2.jar:na]
	at org.eclipse.aether.internal.impl.DefaultDependencyCollector.collectDependencies(DefaultDependencyCollector.java:261) ~[aether-impl-0.9.0.M2.jar:na]
	... 12 common frames omitted
Caused by: org.eclipse.aether.resolution.ArtifactResolutionException: Failure to transfer jstl:jstl:pom:1.1.2 from http://repo.maven.apache.org/maven2 was cached in the local repository, resolution will not be reattempted until the update interval of central has elapsed or updates are forced. Original error: Could not transfer artifact jstl:jstl:pom:1.1.2 from/to central (http://repo.maven.apache.org/maven2): Failed to transfer http://repo.maven.apache.org/maven2/jstl/jstl/1.1.2/jstl-1.1.2.pom. Error code 501, HTTPS Required
	at org.eclipse.aether.internal.impl.DefaultArtifactResolver.resolve(DefaultArtifactResolver.java:459) ~[aether-impl-0.9.0.M2.jar:na]
	at org.eclipse.aether.internal.impl.DefaultArtifactResolver.resolveArtifacts(DefaultArtifactResolver.java:262) ~[aether-impl-0.9.0.M2.jar:na]
	at org.eclipse.aether.internal.impl.DefaultArtifactResolver.resolveArtifact(DefaultArtifactResolver.java:239) ~[aether-impl-0.9.0.M2.jar:na]
	at org.apache.maven.repository.internal.DefaultArtifactDescriptorReader.loadPom(DefaultArtifactDescriptorReader.java:320) ~[maven-aether-provider-3.2.1.jar:3.2.1]
	... 15 common frames omitted
Caused by: org.eclipse.aether.transfer.ArtifactTransferException: Failure to transfer jstl:jstl:pom:1.1.2 from http://repo.maven.apache.org/maven2 was cached in the local repository, resolution will not be reattempted until the update interval of central has elapsed or updates are forced. Original error: Could not transfer artifact jstl:jstl:pom:1.1.2 from/to central (http://repo.maven.apache.org/maven2): Failed to transfer http://repo.maven.apache.org/maven2/jstl/jstl/1.1.2/jstl-1.1.2.pom. Error code 501, HTTPS Required
	at org.eclipse.aether.internal.impl.DefaultUpdateCheckManager.newException(DefaultUpdateCheckManager.java:239) ~[aether-impl-0.9.0.M2.jar:na]
	at org.eclipse.aether.internal.impl.DefaultUpdateCheckManager.checkArtifact(DefaultUpdateCheckManager.java:218) ~[aether-impl-0.9.0.M2.jar:na]
	at org.eclipse.aether.internal.impl.DefaultArtifactResolver.gatherDownloads(DefaultArtifactResolver.java:599) ~[aether-impl-0.9.0.M2.jar:na]
	at org.eclipse.aether.internal.impl.DefaultArtifactResolver.performDownloads(DefaultArtifactResolver.java:518) ~[aether-impl-0.9.0.M2.jar:na]
	at org.eclipse.aether.internal.impl.DefaultArtifactResolver.resolve(DefaultArtifactResolver.java:436) ~[aether-impl-0.9.0.M2.jar:na]
	... 18 common frames omitted
2022-03-02 14:32:10,190 [Worker-6] ERROR o.e.m.editor.pom.DependencyTreePage - Project read error
org.eclipse.core.runtime.CoreException: Project read error
	at org.eclipse.m2e.core.embedder.MavenModelManager.readDependencyTree(MavenModelManager.java:234) ~[na:na]
	at org.eclipse.m2e.core.embedder.MavenModelManager$1.call(MavenModelManager.java:187) ~[na:na]
	at org.eclipse.m2e.core.embedder.MavenModelManager$1.call(MavenModelManager.java:1) ~[na:na]
	at org.eclipse.m2e.core.internal.embedder.MavenExecutionContext.executeBare(MavenExecutionContext.java:166) ~[na:na]
	at org.eclipse.m2e.core.internal.embedder.MavenExecutionContext.execute(MavenExecutionContext.java:142) ~[na:na]
	at org.eclipse.m2e.core.internal.embedder.MavenExecutionContext.execute(MavenExecutionContext.java:96) ~[na:na]
	at org.eclipse.m2e.core.internal.embedder.MavenImpl.execute(MavenImpl.java:1348) ~[na:na]
	at org.eclipse.m2e.core.embedder.MavenModelManager.readDependencyTree(MavenModelManager.java:191) ~[na:na]
	at org.eclipse.m2e.editor.pom.MavenPomEditor.readDependencyTree(MavenPomEditor.java:708) ~[na:na]
	at org.eclipse.m2e.editor.pom.DependencyTreePage$1.run(DependencyTreePage.java:221) ~[na:na]
	at org.eclipse.core.internal.jobs.Worker.run(Worker.java:54) [org.eclipse.core.jobs_3.6.1.v20141014-1248.jar:na]
Caused by: org.eclipse.aether.collection.DependencyCollectionException: Failed to collect dependencies at jstl:jstl:jar:1.1.2
	at org.eclipse.aether.internal.impl.DefaultDependencyCollector.collectDependencies(DefaultDependencyCollector.java:292) ~[na:na]
	at org.eclipse.aether.internal.impl.DefaultRepositorySystem.collectDependencies(DefaultRepositorySystem.java:317) ~[na:na]
	at org.eclipse.m2e.core.embedder.MavenModelManager.readDependencyTree(MavenModelManager.java:230) ~[na:na]
	... 10 common frames omitted
Caused by: org.eclipse.aether.resolution.ArtifactDescriptorException: Failed to read artifact descriptor for jstl:jstl:jar:1.1.2
	at org.apache.maven.repository.internal.DefaultArtifactDescriptorReader.loadPom(DefaultArtifactDescriptorReader.java:335) ~[na:na]
	at org.apache.maven.repository.internal.DefaultArtifactDescriptorReader.readArtifactDescriptor(DefaultArtifactDescriptorReader.java:217) ~[na:na]
	at org.eclipse.aether.internal.impl.DefaultDependencyCollector.process(DefaultDependencyCollector.java:461) ~[na:na]
	at org.eclipse.aether.internal.impl.DefaultDependencyCollector.collectDependencies(DefaultDependencyCollector.java:261) ~[na:na]
	... 12 common frames omitted
Caused by: org.eclipse.aether.resolution.ArtifactResolutionException: Failure to transfer jstl:jstl:pom:1.1.2 from http://repo.maven.apache.org/maven2 was cached in the local repository, resolution will not be reattempted until the update interval of central has elapsed or updates are forced. Original error: Could not transfer artifact jstl:jstl:pom:1.1.2 from/to central (http://repo.maven.apache.org/maven2): Failed to transfer http://repo.maven.apache.org/maven2/jstl/jstl/1.1.2/jstl-1.1.2.pom. Error code 501, HTTPS Required
	at org.eclipse.aether.internal.impl.DefaultArtifactResolver.resolve(DefaultArtifactResolver.java:459) ~[na:na]
	at org.eclipse.aether.internal.impl.DefaultArtifactResolver.resolveArtifacts(DefaultArtifactResolver.java:262) ~[na:na]
	at org.eclipse.aether.internal.impl.DefaultArtifactResolver.resolveArtifact(DefaultArtifactResolver.java:239) ~[na:na]
	at org.apache.maven.repository.internal.DefaultArtifactDescriptorReader.loadPom(DefaultArtifactDescriptorReader.java:320) ~[na:na]
	... 15 common frames omitted
Caused by: org.eclipse.aether.transfer.ArtifactTransferException: Failure to transfer jstl:jstl:pom:1.1.2 from http://repo.maven.apache.org/maven2 was cached in the local repository, resolution will not be reattempted until the update interval of central has elapsed or updates are forced. Original error: Could not transfer artifact jstl:jstl:pom:1.1.2 from/to central (http://repo.maven.apache.org/maven2): Failed to transfer http://repo.maven.apache.org/maven2/jstl/jstl/1.1.2/jstl-1.1.2.pom. Error code 501, HTTPS Required
	at org.eclipse.aether.internal.impl.DefaultUpdateCheckManager.newException(DefaultUpdateCheckManager.java:239) ~[na:na]
	at org.eclipse.aether.internal.impl.DefaultUpdateCheckManager.checkArtifact(DefaultUpdateCheckManager.java:218) ~[na:na]
	at org.eclipse.aether.internal.impl.DefaultArtifactResolver.gatherDownloads(DefaultArtifactResolver.java:599) ~[na:na]
	at org.eclipse.aether.internal.impl.DefaultArtifactResolver.performDownloads(DefaultArtifactResolver.java:518) ~[na:na]
	at org.eclipse.aether.internal.impl.DefaultArtifactResolver.resolve(DefaultArtifactResolver.java:436) ~[na:na]
	... 18 common frames omitted
2022-05-03 15:42:16,328 [Worker-13] INFO  o.e.m.c.i.e.AbstractTransferListenerAdapter - Downloaded http://repo.maven.apache.org/maven2/org/springframework/spring-core/4.2.3.RELEASE/spring-core-4.2.3.RELEASE.pom
2022-05-03 15:42:16,493 [Worker-13] INFO  o.e.m.c.i.e.AbstractTransferListenerAdapter - Downloaded http://repo.maven.apache.org/maven2/org/springframework/spring-beans/4.2.3.RELEASE/spring-beans-4.2.3.RELEASE.pom
2022-05-03 15:42:16,639 [Worker-13] INFO  o.e.m.c.i.e.AbstractTransferListenerAdapter - Downloaded http://repo.maven.apache.org/maven2/org/springframework/spring-context/4.2.3.RELEASE/spring-context-4.2.3.RELEASE.pom
2022-05-03 15:42:16,787 [Worker-13] INFO  o.e.m.c.i.e.AbstractTransferListenerAdapter - Downloaded http://repo.maven.apache.org/maven2/org/springframework/spring-context-support/4.2.3.RELEASE/spring-context-support-4.2.3.RELEASE.pom
2022-05-03 15:42:16,926 [Worker-13] INFO  o.e.m.c.i.e.AbstractTransferListenerAdapter - Downloaded http://repo.maven.apache.org/maven2/org/springframework/spring-web/4.2.3.RELEASE/spring-web-4.2.3.RELEASE.pom
2022-05-03 15:42:17,064 [Worker-13] INFO  o.e.m.c.i.e.AbstractTransferListenerAdapter - Downloaded http://repo.maven.apache.org/maven2/org/springframework/spring-webmvc/4.2.3.RELEASE/spring-webmvc-4.2.3.RELEASE.pom
2022-05-03 15:42:17,180 [Worker-13] INFO  o.e.m.c.i.e.AbstractTransferListenerAdapter - Downloaded http://repo.maven.apache.org/maven2/org/springframework/spring-tx/4.2.3.RELEASE/spring-tx-4.2.3.RELEASE.pom
2022-05-03 15:42:17,326 [Worker-13] INFO  o.e.m.c.i.e.AbstractTransferListenerAdapter - Downloaded http://repo.maven.apache.org/maven2/org/springframework/spring-jdbc/4.2.3.RELEASE/spring-jdbc-4.2.3.RELEASE.pom
2022-05-03 15:42:27,006 [Worker-16] ERROR o.e.m.c.embedder.MavenModelManager - Project read error
org.eclipse.aether.collection.DependencyCollectionException: Failed to collect dependencies at org.springframework:spring-core:jar:4.2.3.RELEASE
	at org.eclipse.aether.internal.impl.DefaultDependencyCollector.collectDependencies(DefaultDependencyCollector.java:292) ~[aether-impl-0.9.0.M2.jar:na]
	at org.eclipse.aether.internal.impl.DefaultRepositorySystem.collectDependencies(DefaultRepositorySystem.java:317) ~[aether-impl-0.9.0.M2.jar:na]
	at org.eclipse.m2e.core.embedder.MavenModelManager.readDependencyTree(MavenModelManager.java:230) [org.eclipse.m2e.core_1.5.1.20150109-1820.jar:na]
	at org.eclipse.m2e.core.embedder.MavenModelManager$1.call(MavenModelManager.java:187) [org.eclipse.m2e.core_1.5.1.20150109-1820.jar:na]
	at org.eclipse.m2e.core.embedder.MavenModelManager$1.call(MavenModelManager.java:1) [org.eclipse.m2e.core_1.5.1.20150109-1820.jar:na]
	at org.eclipse.m2e.core.internal.embedder.MavenExecutionContext.executeBare(MavenExecutionContext.java:166) [org.eclipse.m2e.core_1.5.1.20150109-1820.jar:na]
	at org.eclipse.m2e.core.internal.embedder.MavenExecutionContext.execute(MavenExecutionContext.java:142) [org.eclipse.m2e.core_1.5.1.20150109-1820.jar:na]
	at org.eclipse.m2e.core.internal.embedder.MavenExecutionContext.execute(MavenExecutionContext.java:96) [org.eclipse.m2e.core_1.5.1.20150109-1820.jar:na]
	at org.eclipse.m2e.core.internal.embedder.MavenImpl.execute(MavenImpl.java:1348) [org.eclipse.m2e.core_1.5.1.20150109-1820.jar:na]
	at org.eclipse.m2e.core.embedder.MavenModelManager.readDependencyTree(MavenModelManager.java:191) [org.eclipse.m2e.core_1.5.1.20150109-1820.jar:na]
	at org.eclipse.m2e.editor.pom.MavenPomEditor.readDependencyTree(MavenPomEditor.java:708) [org.eclipse.m2e.editor_1.5.1.20150109-1820.jar:na]
	at org.eclipse.m2e.editor.pom.DependencyTreePage$1.run(DependencyTreePage.java:221) [org.eclipse.m2e.editor_1.5.1.20150109-1820.jar:na]
	at org.eclipse.core.internal.jobs.Worker.run(Worker.java:54) [org.eclipse.core.jobs_3.6.1.v20141014-1248.jar:na]
Caused by: org.eclipse.aether.resolution.ArtifactDescriptorException: Failed to read artifact descriptor for org.springframework:spring-core:jar:4.2.3.RELEASE
	at org.apache.maven.repository.internal.DefaultArtifactDescriptorReader.loadPom(DefaultArtifactDescriptorReader.java:335) ~[maven-aether-provider-3.2.1.jar:3.2.1]
	at org.apache.maven.repository.internal.DefaultArtifactDescriptorReader.readArtifactDescriptor(DefaultArtifactDescriptorReader.java:217) ~[maven-aether-provider-3.2.1.jar:3.2.1]
	at org.eclipse.aether.internal.impl.DefaultDependencyCollector.process(DefaultDependencyCollector.java:461) ~[aether-impl-0.9.0.M2.jar:na]
	at org.eclipse.aether.internal.impl.DefaultDependencyCollector.collectDependencies(DefaultDependencyCollector.java:261) ~[aether-impl-0.9.0.M2.jar:na]
	... 12 common frames omitted
Caused by: org.eclipse.aether.resolution.ArtifactResolutionException: Failure to transfer org.springframework:spring-core:pom:4.2.3.RELEASE from http://repo.maven.apache.org/maven2 was cached in the local repository, resolution will not be reattempted until the update interval of central has elapsed or updates are forced. Original error: Could not transfer artifact org.springframework:spring-core:pom:4.2.3.RELEASE from/to central (http://repo.maven.apache.org/maven2): Failed to transfer http://repo.maven.apache.org/maven2/org/springframework/spring-core/4.2.3.RELEASE/spring-core-4.2.3.RELEASE.pom. Error code 501, HTTPS Required
	at org.eclipse.aether.internal.impl.DefaultArtifactResolver.resolve(DefaultArtifactResolver.java:459) ~[aether-impl-0.9.0.M2.jar:na]
	at org.eclipse.aether.internal.impl.DefaultArtifactResolver.resolveArtifacts(DefaultArtifactResolver.java:262) ~[aether-impl-0.9.0.M2.jar:na]
	at org.eclipse.aether.internal.impl.DefaultArtifactResolver.resolveArtifact(DefaultArtifactResolver.java:239) ~[aether-impl-0.9.0.M2.jar:na]
	at org.apache.maven.repository.internal.DefaultArtifactDescriptorReader.loadPom(DefaultArtifactDescriptorReader.java:320) ~[maven-aether-provider-3.2.1.jar:3.2.1]
	... 15 common frames omitted
Caused by: org.eclipse.aether.transfer.ArtifactTransferException: Failure to transfer org.springframework:spring-core:pom:4.2.3.RELEASE from http://repo.maven.apache.org/maven2 was cached in the local repository, resolution will not be reattempted until the update interval of central has elapsed or updates are forced. Original error: Could not transfer artifact org.springframework:spring-core:pom:4.2.3.RELEASE from/to central (http://repo.maven.apache.org/maven2): Failed to transfer http://repo.maven.apache.org/maven2/org/springframework/spring-core/4.2.3.RELEASE/spring-core-4.2.3.RELEASE.pom. Error code 501, HTTPS Required
	at org.eclipse.aether.internal.impl.DefaultUpdateCheckManager.newException(DefaultUpdateCheckManager.java:239) ~[aether-impl-0.9.0.M2.jar:na]
	at org.eclipse.aether.internal.impl.DefaultUpdateCheckManager.checkArtifact(DefaultUpdateCheckManager.java:218) ~[aether-impl-0.9.0.M2.jar:na]
	at org.eclipse.aether.internal.impl.DefaultArtifactResolver.gatherDownloads(DefaultArtifactResolver.java:599) ~[aether-impl-0.9.0.M2.jar:na]
	at org.eclipse.aether.internal.impl.DefaultArtifactResolver.performDownloads(DefaultArtifactResolver.java:518) ~[aether-impl-0.9.0.M2.jar:na]
	at org.eclipse.aether.internal.impl.DefaultArtifactResolver.resolve(DefaultArtifactResolver.java:436) ~[aether-impl-0.9.0.M2.jar:na]
	... 18 common frames omitted
2022-05-03 15:42:27,015 [Worker-16] ERROR o.e.m.editor.pom.DependencyTreePage - Project read error
org.eclipse.core.runtime.CoreException: Project read error
	at org.eclipse.m2e.core.embedder.MavenModelManager.readDependencyTree(MavenModelManager.java:234) ~[na:na]
	at org.eclipse.m2e.core.embedder.MavenModelManager$1.call(MavenModelManager.java:187) ~[na:na]
	at org.eclipse.m2e.core.embedder.MavenModelManager$1.call(MavenModelManager.java:1) ~[na:na]
	at org.eclipse.m2e.core.internal.embedder.MavenExecutionContext.executeBare(MavenExecutionContext.java:166) ~[na:na]
	at org.eclipse.m2e.core.internal.embedder.MavenExecutionContext.execute(MavenExecutionContext.java:142) ~[na:na]
	at org.eclipse.m2e.core.internal.embedder.MavenExecutionContext.execute(MavenExecutionContext.java:96) ~[na:na]
	at org.eclipse.m2e.core.internal.embedder.MavenImpl.execute(MavenImpl.java:1348) ~[na:na]
	at org.eclipse.m2e.core.embedder.MavenModelManager.readDependencyTree(MavenModelManager.java:191) ~[na:na]
	at org.eclipse.m2e.editor.pom.MavenPomEditor.readDependencyTree(MavenPomEditor.java:708) ~[na:na]
	at org.eclipse.m2e.editor.pom.DependencyTreePage$1.run(DependencyTreePage.java:221) ~[na:na]
	at org.eclipse.core.internal.jobs.Worker.run(Worker.java:54) [org.eclipse.core.jobs_3.6.1.v20141014-1248.jar:na]
Caused by: org.eclipse.aether.collection.DependencyCollectionException: Failed to collect dependencies at org.springframework:spring-core:jar:4.2.3.RELEASE
	at org.eclipse.aether.internal.impl.DefaultDependencyCollector.collectDependencies(DefaultDependencyCollector.java:292) ~[na:na]
	at org.eclipse.aether.internal.impl.DefaultRepositorySystem.collectDependencies(DefaultRepositorySystem.java:317) ~[na:na]
	at org.eclipse.m2e.core.embedder.MavenModelManager.readDependencyTree(MavenModelManager.java:230) ~[na:na]
	... 10 common frames omitted
Caused by: org.eclipse.aether.resolution.ArtifactDescriptorException: Failed to read artifact descriptor for org.springframework:spring-core:jar:4.2.3.RELEASE
	at org.apache.maven.repository.internal.DefaultArtifactDescriptorReader.loadPom(DefaultArtifactDescriptorReader.java:335) ~[na:na]
	at org.apache.maven.repository.internal.DefaultArtifactDescriptorReader.readArtifactDescriptor(DefaultArtifactDescriptorReader.java:217) ~[na:na]
	at org.eclipse.aether.internal.impl.DefaultDependencyCollector.process(DefaultDependencyCollector.java:461) ~[na:na]
	at org.eclipse.aether.internal.impl.DefaultDependencyCollector.collectDependencies(DefaultDependencyCollector.java:261) ~[na:na]
	... 12 common frames omitted
Caused by: org.eclipse.aether.resolution.ArtifactResolutionException: Failure to transfer org.springframework:spring-core:pom:4.2.3.RELEASE from http://repo.maven.apache.org/maven2 was cached in the local repository, resolution will not be reattempted until the update interval of central has elapsed or updates are forced. Original error: Could not transfer artifact org.springframework:spring-core:pom:4.2.3.RELEASE from/to central (http://repo.maven.apache.org/maven2): Failed to transfer http://repo.maven.apache.org/maven2/org/springframework/spring-core/4.2.3.RELEASE/spring-core-4.2.3.RELEASE.pom. Error code 501, HTTPS Required
	at org.eclipse.aether.internal.impl.DefaultArtifactResolver.resolve(DefaultArtifactResolver.java:459) ~[na:na]
	at org.eclipse.aether.internal.impl.DefaultArtifactResolver.resolveArtifacts(DefaultArtifactResolver.java:262) ~[na:na]
	at org.eclipse.aether.internal.impl.DefaultArtifactResolver.resolveArtifact(DefaultArtifactResolver.java:239) ~[na:na]
	at org.apache.maven.repository.internal.DefaultArtifactDescriptorReader.loadPom(DefaultArtifactDescriptorReader.java:320) ~[na:na]
	... 15 common frames omitted
Caused by: org.eclipse.aether.transfer.ArtifactTransferException: Failure to transfer org.springframework:spring-core:pom:4.2.3.RELEASE from http://repo.maven.apache.org/maven2 was cached in the local repository, resolution will not be reattempted until the update interval of central has elapsed or updates are forced. Original error: Could not transfer artifact org.springframework:spring-core:pom:4.2.3.RELEASE from/to central (http://repo.maven.apache.org/maven2): Failed to transfer http://repo.maven.apache.org/maven2/org/springframework/spring-core/4.2.3.RELEASE/spring-core-4.2.3.RELEASE.pom. Error code 501, HTTPS Required
	at org.eclipse.aether.internal.impl.DefaultUpdateCheckManager.newException(DefaultUpdateCheckManager.java:239) ~[na:na]
	at org.eclipse.aether.internal.impl.DefaultUpdateCheckManager.checkArtifact(DefaultUpdateCheckManager.java:218) ~[na:na]
	at org.eclipse.aether.internal.impl.DefaultArtifactResolver.gatherDownloads(DefaultArtifactResolver.java:599) ~[na:na]
	at org.eclipse.aether.internal.impl.DefaultArtifactResolver.performDownloads(DefaultArtifactResolver.java:518) ~[na:na]
	at org.eclipse.aether.internal.impl.DefaultArtifactResolver.resolve(DefaultArtifactResolver.java:436) ~[na:na]
	... 18 common frames omitted
2022-05-03 15:53:28,575 [Worker-13] INFO  o.e.m.c.i.e.AbstractTransferListenerAdapter - Downloaded http://repo.maven.apache.org/maven2/org/springframework/spring-webmvc/5.3.18.RELEASE/spring-webmvc-5.3.18.RELEASE.pom
2022-05-03 15:55:12,595 [Worker-25] INFO  o.e.m.c.i.e.AbstractTransferListenerAdapter - Downloaded http://repo.maven.apache.org/maven2/org/springframework/spring-core/5.3.18.RELEASE/spring-core-5.3.18.RELEASE.pom
2022-05-03 15:55:12,733 [Worker-25] INFO  o.e.m.c.i.e.AbstractTransferListenerAdapter - Downloaded http://repo.maven.apache.org/maven2/org/springframework/spring-beans/5.3.18.RELEASE/spring-beans-5.3.18.RELEASE.pom
2022-05-03 15:55:12,877 [Worker-25] INFO  o.e.m.c.i.e.AbstractTransferListenerAdapter - Downloaded http://repo.maven.apache.org/maven2/org/springframework/spring-context/5.3.18.RELEASE/spring-context-5.3.18.RELEASE.pom
2022-05-03 15:55:13,014 [Worker-25] INFO  o.e.m.c.i.e.AbstractTransferListenerAdapter - Downloaded http://repo.maven.apache.org/maven2/org/springframework/spring-context-support/5.3.18.RELEASE/spring-context-support-5.3.18.RELEASE.pom
2022-05-03 15:55:13,154 [Worker-25] INFO  o.e.m.c.i.e.AbstractTransferListenerAdapter - Downloaded http://repo.maven.apache.org/maven2/org/springframework/spring-web/5.3.18.RELEASE/spring-web-5.3.18.RELEASE.pom
2022-05-03 15:55:13,308 [Worker-25] INFO  o.e.m.c.i.e.AbstractTransferListenerAdapter - Downloaded http://repo.maven.apache.org/maven2/org/springframework/spring-tx/5.3.18.RELEASE/spring-tx-5.3.18.RELEASE.pom
2022-05-03 15:55:13,448 [Worker-25] INFO  o.e.m.c.i.e.AbstractTransferListenerAdapter - Downloaded http://repo.maven.apache.org/maven2/org/springframework/spring-jdbc/5.3.18.RELEASE/spring-jdbc-5.3.18.RELEASE.pom
2022-05-03 16:00:45,363 [Worker-26] INFO  o.e.m.c.i.e.AbstractTransferListenerAdapter - Downloaded http://repo.maven.apache.org/maven2/org/springframework/spring-core/5.3.18/spring-core-5.3.18.pom
2022-05-03 16:00:45,509 [Worker-26] INFO  o.e.m.c.i.e.AbstractTransferListenerAdapter - Downloaded http://repo.maven.apache.org/maven2/org/springframework/spring-beans/5.3.18/spring-beans-5.3.18.pom
2022-05-03 16:00:45,670 [Worker-26] INFO  o.e.m.c.i.e.AbstractTransferListenerAdapter - Downloaded http://repo.maven.apache.org/maven2/org/springframework/spring-context/5.3.18/spring-context-5.3.18.pom
2022-05-03 16:00:45,806 [Worker-26] INFO  o.e.m.c.i.e.AbstractTransferListenerAdapter - Downloaded http://repo.maven.apache.org/maven2/org/springframework/spring-context-support/5.3.18/spring-context-support-5.3.18.pom
2022-05-03 16:00:45,925 [Worker-26] INFO  o.e.m.c.i.e.AbstractTransferListenerAdapter - Downloaded http://repo.maven.apache.org/maven2/org/springframework/spring-web/5.3.18/spring-web-5.3.18.pom
2022-05-03 16:00:46,067 [Worker-26] INFO  o.e.m.c.i.e.AbstractTransferListenerAdapter - Downloaded http://repo.maven.apache.org/maven2/org/springframework/spring-webmvc/5.3.18/spring-webmvc-5.3.18.pom
2022-05-03 16:00:46,211 [Worker-26] INFO  o.e.m.c.i.e.AbstractTransferListenerAdapter - Downloaded http://repo.maven.apache.org/maven2/org/springframework/spring-tx/5.3.18/spring-tx-5.3.18.pom
2022-05-03 16:00:46,355 [Worker-26] INFO  o.e.m.c.i.e.AbstractTransferListenerAdapter - Downloaded http://repo.maven.apache.org/maven2/org/springframework/spring-jdbc/5.3.18/spring-jdbc-5.3.18.pom
2022-05-12 18:50:47,364 [Worker-9] WARN  o.e.m.c.i.embedder.EclipseLogger - The artifact jstl:jstl:jar:1.1.2 has been relocated to javax.servlet:jstl:jar:1.1.2
2022-05-12 18:50:47,436 [Worker-9] WARN  o.e.m.c.i.embedder.EclipseLogger - The artifact jstl:jstl:jar:1.1.2 has been relocated to javax.servlet:jstl:jar:1.1.2
2022-05-12 18:51:18,110 [Worker-1] WARN  o.e.m.c.i.embedder.EclipseLogger - The artifact jstl:jstl:jar:1.1.2 has been relocated to javax.servlet:jstl:jar:1.1.2
2022-05-12 18:51:18,134 [Worker-1] WARN  o.e.m.c.i.embedder.EclipseLogger - The artifact jstl:jstl:jar:1.1.2 has been relocated to javax.servlet:jstl:jar:1.1.2
